[33m[nodemon] 3.1.10[39m
[33m[nodemon] to restart at any time, enter `rs`[39m
[33m[nodemon] watching path(s): src/**/* public/**/*[39m
[33m[nodemon] watching extensions: astro,ts,js,css,md[39m
[32m[nodemon] starting `./auto-deploy.sh`[39m
🚀 Auto-deploying changes...
[main b5da9470] 🔄 Auto-deploy: 22:15:21
 Committer: Daniel Lee <danlee@Daniels-MacBook-Pro.local>
Your name and email address were configured automatically based
on your username and hostname. Please check that they are accurate.
You can suppress this message by setting them explicitly. Run the
following command and follow the instructions in your editor to edit
your configuration file:

    git config --global --edit

After doing this, you may fix the identity used for this commit with:

    git commit --amend --reset-author

 4 files changed, 119 insertions(+)
 create mode 100644 auto-deploy.log
 create mode 100755 auto-deploy.sh
To https://github.com/danlee041988/somerset-window-cleaning-website.git
   ed40825c..b5da9470  main -> main
✅ Changes pushed to production
[32m[nodemon] clean exit - waiting for changes before restart[39m
[32m[nodemon] restarting due to changes...[39m
[32m[nodemon] starting `./auto-deploy.sh`[39m
🚀 Auto-deploying changes...
[main 343d7b64] 🔄 Auto-deploy: 22:15:38
 Committer: Daniel Lee <danlee@Daniels-MacBook-Pro.local>
Your name and email address were configured automatically based
on your username and hostname. Please check that they are accurate.
You can suppress this message by setting them explicitly. Run the
following command and follow the instructions in your editor to edit
your configuration file:

    git config --global --edit

After doing this, you may fix the identity used for this commit with:

    git commit --amend --reset-author

 2 files changed, 25 insertions(+), 1 deletion(-)
To https://github.com/danlee041988/somerset-window-cleaning-website.git
   b5da9470..343d7b64  main -> main
✅ Changes pushed to production
[32m[nodemon] clean exit - waiting for changes before restart[39m
[32m[nodemon] restarting due to changes...[39m
[32m[nodemon] starting `./auto-deploy.sh`[39m
🚀 Auto-deploying changes...
[main 89d1822d] 🔄 Auto-deploy: 22:18:48
 Committer: Daniel Lee <danlee@Daniels-MacBook-Pro.local>
Your name and email address were configured automatically based
on your username and hostname. Please check that they are accurate.
You can suppress this message by setting them explicitly. Run the
following command and follow the instructions in your editor to edit
your configuration file:

    git config --global --edit

After doing this, you may fix the identity used for this commit with:

    git commit --amend --reset-author

 2 files changed, 49 insertions(+), 15 deletions(-)
To https://github.com/danlee041988/somerset-window-cleaning-website.git
   343d7b64..89d1822d  main -> main
✅ Changes pushed to production
[32m[nodemon] clean exit - waiting for changes before restart[39m
[32m[nodemon] restarting due to changes...[39m
[32m[nodemon] starting `./auto-deploy.sh`[39m
🚀 Auto-deploying changes...
[main 34fa06d0] 🔄 Auto-deploy: 22:20:49
 Committer: Daniel Lee <danlee@Daniels-MacBook-Pro.local>
Your name and email address were configured automatically based
on your username and hostname. Please check that they are accurate.
You can suppress this message by setting them explicitly. Run the
following command and follow the instructions in your editor to edit
your configuration file:

    git config --global --edit

After doing this, you may fix the identity used for this commit with:

    git commit --amend --reset-author

 2 files changed, 23 insertions(+), 1 deletion(-)
To https://github.com/danlee041988/somerset-window-cleaning-website.git
   89d1822d..34fa06d0  main -> main
✅ Changes pushed to production
[32m[nodemon] clean exit - waiting for changes before restart[39m
[32m[nodemon] restarting due to changes...[39m
[32m[nodemon] starting `./auto-deploy.sh`[39m
🚀 Auto-deploying changes...
[main edd78a36] 🔄 Auto-deploy: 22:20:54
 Committer: Daniel Lee <danlee@Daniels-MacBook-Pro.local>
Your name and email address were configured automatically based
on your username and hostname. Please check that they are accurate.
You can suppress this message by setting them explicitly. Run the
following command and follow the instructions in your editor to edit
your configuration file:

    git config --global --edit

After doing this, you may fix the identity used for this commit with:

    git commit --amend --reset-author

 2 files changed, 23 insertions(+), 1 deletion(-)
To https://github.com/danlee041988/somerset-window-cleaning-website.git
   34fa06d0..edd78a36  main -> main
✅ Changes pushed to production
[32m[nodemon] clean exit - waiting for changes before restart[39m
[32m[nodemon] restarting due to changes...[39m
[32m[nodemon] starting `./auto-deploy.sh`[39m
🚀 Auto-deploying changes...
[main ee5d5125] 🔄 Auto-deploy: 22:21:39
 Committer: Daniel Lee <danlee@Daniels-MacBook-Pro.local>
Your name and email address were configured automatically based
on your username and hostname. Please check that they are accurate.
You can suppress this message by setting them explicitly. Run the
following command and follow the instructions in your editor to edit
your configuration file:

    git config --global --edit

After doing this, you may fix the identity used for this commit with:

    git commit --amend --reset-author

 2 files changed, 23 insertions(+), 1 deletion(-)
To https://github.com/danlee041988/somerset-window-cleaning-website.git
   edd78a36..ee5d5125  main -> main
✅ Changes pushed to production
[32m[nodemon] clean exit - waiting for changes before restart[39m
[32m[nodemon] restarting due to changes...[39m
[32m[nodemon] starting `./auto-deploy.sh`[39m
🚀 Auto-deploying changes...
[main 31424a24] 🔄 Auto-deploy: 22:21:48
 Committer: Daniel Lee <danlee@Daniels-MacBook-Pro.local>
Your name and email address were configured automatically based
on your username and hostname. Please check that they are accurate.
You can suppress this message by setting them explicitly. Run the
following command and follow the instructions in your editor to edit
your configuration file:

    git config --global --edit

After doing this, you may fix the identity used for this commit with:

    git commit --amend --reset-author

 2 files changed, 38 insertions(+)
To https://github.com/danlee041988/somerset-window-cleaning-website.git
   ee5d5125..31424a24  main -> main
✅ Changes pushed to production
[32m[nodemon] clean exit - waiting for changes before restart[39m
[32m[nodemon] restarting due to changes...[39m
[32m[nodemon] starting `./auto-deploy.sh`[39m
🚀 Auto-deploying changes...
[main a4e63ae3] 🔄 Auto-deploy: 22:24:09
 Committer: Daniel Lee <danlee@Daniels-MacBook-Pro.local>
Your name and email address were configured automatically based
on your username and hostname. Please check that they are accurate.
You can suppress this message by setting them explicitly. Run the
following command and follow the instructions in your editor to edit
your configuration file:

    git config --global --edit

After doing this, you may fix the identity used for this commit with:

    git commit --amend --reset-author

 2 files changed, 47 insertions(+), 8 deletions(-)
To https://github.com/danlee041988/somerset-window-cleaning-website.git
   31424a24..a4e63ae3  main -> main
✅ Changes pushed to production
[32m[nodemon] clean exit - waiting for changes before restart[39m
[32m[nodemon] restarting due to changes...[39m
[32m[nodemon] starting `./auto-deploy.sh`[39m
🚀 Auto-deploying changes...
[main ebd6a946] 🔄 Auto-deploy: 22:24:23
 Committer: Daniel Lee <danlee@Daniels-MacBook-Pro.local>
Your name and email address were configured automatically based
on your username and hostname. Please check that they are accurate.
You can suppress this message by setting them explicitly. Run the
following command and follow the instructions in your editor to edit
your configuration file:

    git config --global --edit

After doing this, you may fix the identity used for this commit with:

    git commit --amend --reset-author

 2 files changed, 24 insertions(+), 1 deletion(-)
To https://github.com/danlee041988/somerset-window-cleaning-website.git
   a4e63ae3..ebd6a946  main -> main
✅ Changes pushed to production
[32m[nodemon] clean exit - waiting for changes before restart[39m
[32m[nodemon] restarting due to changes...[39m
[32m[nodemon] starting `./auto-deploy.sh`[39m
🚀 Auto-deploying changes...
[main bf7e0fea] 🔄 Auto-deploy: 22:24:30
 Committer: Daniel Lee <danlee@Daniels-MacBook-Pro.local>
Your name and email address were configured automatically based
on your username and hostname. Please check that they are accurate.
You can suppress this message by setting them explicitly. Run the
following command and follow the instructions in your editor to edit
your configuration file:

    git config --global --edit

After doing this, you may fix the identity used for this commit with:

    git commit --amend --reset-author

 2 files changed, 25 insertions(+), 2 deletions(-)
To https://github.com/danlee041988/somerset-window-cleaning-website.git
   ebd6a946..bf7e0fea  main -> main
✅ Changes pushed to production
[32m[nodemon] clean exit - waiting for changes before restart[39m
[32m[nodemon] restarting due to changes...[39m
[32m[nodemon] starting `./auto-deploy.sh`[39m
🚀 Auto-deploying changes...
[main 009be566] 🔄 Auto-deploy: 22:26:59
 Committer: Daniel Lee <danlee@Daniels-MacBook-Pro.local>
Your name and email address were configured automatically based
on your username and hostname. Please check that they are accurate.
You can suppress this message by setting them explicitly. Run the
following command and follow the instructions in your editor to edit
your configuration file:

    git config --global --edit

After doing this, you may fix the identity used for this commit with:

    git commit --amend --reset-author

 2 files changed, 23 insertions(+), 1 deletion(-)
To https://github.com/danlee041988/somerset-window-cleaning-website.git
   bf7e0fea..009be566  main -> main
✅ Changes pushed to production
[32m[nodemon] clean exit - waiting for changes before restart[39m
[32m[nodemon] restarting due to changes...[39m
[32m[nodemon] starting `./auto-deploy.sh`[39m
🚀 Auto-deploying changes...
